  Building Custom Rule C:/Users/Kali/Documents/ISIR/vrpn-master/CMakeLists.txt
  CMake does not need to re-run because C:\Users\Kali\Documents\ISIR\vrpn-master\BUILD\CMakeFiles\generate.stamp is up-to-date.
  vrpn_Analog.C
  vrpn_Analog_Output.C
  vrpn_Assert.C
  vrpn_Auxiliary_Logger.C
  vrpn_BaseClass.C
  vrpn_Button.C
  vrpn_Connection.C
  vrpn_Dial.C
  vrpn_EndpointContainer.C
  vrpn_FileConnection.C
  vrpn_FileController.C
  vrpn_ForceDevice.C
  vrpn_Forwarder.C
  vrpn_ForwarderController.C
  vrpn_FunctionGenerator.C
  vrpn_Imager.C
  vrpn_LamportClock.C
  vrpn_Mutex.C
  vrpn_Poser.C
  vrpn_RedundantTransmission.C
  vrpn_Serial.C
  vrpn_SerialPort.C
  vrpn_Shared.C
  vrpn_SharedObject.C
  vrpn_Sound.C
  vrpn_Text.C
  vrpn_Thread.C
  vrpn_Tracker.C
  vrpn.vcxproj -> C:\Users\Kali\Documents\ISIR\vrpn-master\BUILD\Release\vrpn.lib
