  Building Custom Rule C:/Users/Kali/Documents/ISIR/vrpn-master/CMakeLists.txt
  CMake does not need to re-run because C:\Users\Kali\Documents\ISIR\vrpn-master\BUILD\CMakeFiles\generate.stamp is up-to-date.
  vrpn_Analog.C
  vrpn_Analog_Output.C
  vrpn_Assert.C
  vrpn_Auxiliary_Logger.C
  vrpn_BaseClass.C
  vrpn_Button.C
  vrpn_Connection.C
  vrpn_Dial.C
  vrpn_EndpointContainer.C
  vrpn_FileConnection.C
  vrpn_FileController.C
  vrpn_ForceDevice.C
  vrpn_Forwarder.C
  vrpn_ForwarderController.C
  vrpn_FunctionGenerator.C
  vrpn_Imager.C
  vrpn_LamportClock.C
  vrpn_Mutex.C
  vrpn_Poser.C
  vrpn_RedundantTransmission.C
  vrpn_Serial.C
  vrpn_SerialPort.C
  vrpn_Shared.C
  vrpn_SharedObject.C
  vrpn_Sound.C
  vrpn_Text.C
  vrpn_Thread.C
  vrpn_Tracker.C
  vrpn_3DConnexion.C
  vrpn_3DMicroscribe.C
  vrpn_3Space.C
  vrpn_5DT16.C
  vrpn_ADBox.C
  vrpn_Analog_5dt.C
  vrpn_Analog_5dtUSB.C
  vrpn_Analog_Radamec_SPI.C
  vrpn_Analog_USDigital_A2.C
  vrpn_Atmel.C
  vrpn_BiosciencesTools.C
  vrpn_Button_NI_DIO24.C
  vrpn_Button_USB.cpp
  vrpn_CerealBox.C
  vrpn_CHProducts_Controller_Raw.C
  vrpn_Contour.C
  vrpn_DevInput.C
  vrpn_DirectXFFJoystick.C
  vrpn_DirectXRumblePad.C
  vrpn_DreamCheeky.C
  vrpn_Dyna.C
  vrpn_Event_Analog.C
  vrpn_Event.C
  vrpn_Event_Mouse.C
  vrpn_Flock.C
  vrpn_Flock_Parallel.C
  vrpn_ForceDeviceServer.C
  vrpn_Freespace.C
  vrpn_Futaba.C
  vrpn_GlobalHapticsOrb.C
  vrpn_Griffin.C
  vrpn_HumanInterface.C
  vrpn_IDEA.C
  vrpn_Imager_Stream_Buffer.C
  vrpn_ImmersionBox.C
  vrpn_inertiamouse.C
  vrpn_JoyFly.C
  vrpn_Joylin.C
  vrpn_Joywin32.C
  vrpn_Keyboard.C
  vrpn_LUDL.C
  vrpn_Logitech_Controller_Raw.C
  vrpn_Magellan.C
  vrpn_Microsoft_Controller_Raw.C
  vrpn_Mouse.C
  vrpn_NationalInstruments.C
  vrpn_Nidaq.C
  vrpn_nikon_controls.C
  vrpn_nVidia_shield_controller.C
  vrpn_Oculus.C
  vrpn_OmegaTemperature.C
  vrpn_Poser_Analog.C
  vrpn_Poser_Tek4662.C
  vrpn_raw_sgibox.C
  vrpn_Retrolink.C
  vrpn_Saitek_Controller_Raw.C
  vrpn_sgibox.C
  vrpn_Spaceball.C
  vrpn_Streaming_Arduino.C
  vrpn_Tng3.C
  vrpn_Tracker_3DMouse.C
  vrpn_Tracker_AnalogFly.C
  vrpn_Tracker_ButtonFly.C
C:\Users\Kali\Documents\ISIR\vrpn-master\vrpn_Streaming_Arduino.C(180): warning C4018: '<' : incompatibilité signed/unsigned
C:\Users\Kali\Documents\ISIR\vrpn-master\vrpn_Streaming_Arduino.C(192): warning C4018: '<' : incompatibilité signed/unsigned
  vrpn_Tracker_Crossbow.C
  vrpn_Tracker_DTrack.C
  vrpn_Tracker_Fastrak.C
  vrpn_Tracker_Filter.C
  vrpn_Tracker_GameTrak.C
  vrpn_Tracker_GPS.C
  vrpn_Tracker_IMU.C
  vrpn_Tracker_isense.C
  vrpn_Tracker_Isotrak.C
  vrpn_Tracker_JsonNet.C
  vrpn_Tracker_Liberty.C
  vrpn_Tracker_MotionNode.C
  vrpn_Tracker_NDI_Polaris.C
  vrpn_Tracker_NovintFalcon.C
  vrpn_Tracker_OSVRHackerDevKit.C
  vrpn_Tracker_PDI.C
  vrpn_Tracker_PhaseSpace.C
  vrpn_Tracker_RazerHydra.C
  vrpn_Tracker_ThalmicLabsMyo.C
  vrpn_Tracker_SpacePoint.C
  vrpn_Tracker_Wintracker.C
  vrpn_Tracker_Colibri.C
  vrpn_Tracker_TrivisioColibri.C
  vrpn_Tracker_WiimoteHead.C
  vrpn_Tracker_zSight.C
  vrpn_Tracker_ViewPoint.C
  vrpn_UNC_Joystick.C
  vrpn_VPJoystick.C
  vrpn_Wanda.C
  vrpn_WiiMote.C
  vrpn_XInputGamepad.C
  vrpn_Xkeys.C
  vrpn_Tracker_LibertyHS.C
  vrpn_YEI_3Space.C
  vrpn_Zaber.C
  vrpn_Generic_server_object.C
  vrpnserver.vcxproj -> C:\Users\Kali\Documents\ISIR\vrpn-master\BUILD\Release\vrpnserver.lib
